<?xml version="1.0" encoding="UTF-8"?>
<!-- Generated by org.testng.reporters.JUnitReportReporter -->
<testsuite hostname="JyothiPatnaik-9899" failures="0" tests="1" name="testClasses.ProfileUpdate" time="5.502" errors="0" timestamp="2025-02-17T12:10:43 IST" skipped="0">
  <testcase classname="testClasses.ProfileUpdate" name="Profile" time="5.502"/>
</testsuite> <!-- testClasses.ProfileUpdate -->
