<?xml version="1.0" encoding="UTF-8"?>
<!-- Generated by org.testng.reporters.JUnitReportReporter -->
<testsuite hostname="JyothiPatnaik-9899" failures="0" tests="1" name="testClasses.Login" time="4.039" errors="0" timestamp="2025-02-17T11:35:58 IST" skipped="0">
  <testcase classname="testClasses.Login" name="Login" time="4.039"/>
</testsuite> <!-- testClasses.Login -->
